<?xml version="1.0" encoding="UTF-8"?>
<!-- Generated by org.testng.reporters.JUnitReportReporter -->
<testsuite hostname="LAPTOP-ARENP5BH" failures="0" tests="3" name="org.program.Fblogindataprovider" time="14.473" errors="0" timestamp="27 Dec 2023 18:03:55 GMT" skipped="0">
  <testcase classname="org.program.Fblogindataprovider" name="tc1" time="5.489"/>
  <testcase classname="org.program.Fblogindataprovider" name="tc1" time="4.319"/>
  <testcase classname="org.program.Fblogindataprovider" name="tc1" time="4.665"/>
</testsuite> <!-- org.program.Fblogindataprovider -->
