<?xml version="1.0" encoding="UTF-8"?>
<!-- Generated by org.testng.reporters.JUnitReportReporter -->
<testsuite hostname="LAPTOP-ARENP5BH" failures="0" tests="6" name="org.program.PriceComparisonTask" time="158.828" errors="0" timestamp="30 Dec 2023 14:21:42 GMT" skipped="3">
  <testcase classname="org.program.PriceComparisonTask" name="Amazon" time="43.133"/>
  <testcase classname="org.program.PriceComparisonTask" name="Amazon" time="16.555">
    <skipped/>
  </testcase> <!-- Amazon -->
  <testcase classname="org.program.PriceComparisonTask" name="Amazon" time="17.967">
    <skipped/>
  </testcase> <!-- Amazon -->
  <testcase classname="org.program.PriceComparisonTask" name="Amazon" time="46.686">
    <skipped/>
  </testcase> <!-- Amazon -->
  <testcase classname="org.program.PriceComparisonTask" name="flipkart" time="34.487"/>
  <testcase classname="org.program.PriceComparisonTask" name="pricecomparison" time="0.000"/>
</testsuite> <!-- org.program.PriceComparisonTask -->
