<?xml version="1.0" encoding="UTF-8"?>
<!-- Generated by org.testng.reporters.JUnitReportReporter -->
<testsuite hostname="LAPTOP-ARENP5BH" failures="0" tests="3" name="org.program.Task" time="52.713" errors="0" timestamp="30 Dec 2023 11:22:22 GMT" skipped="0">
  <testcase classname="org.program.Task" name="Amazon" time="30.078"/>
  <testcase classname="org.program.Task" name="flipkart" time="22.635"/>
  <testcase classname="org.program.Task" name="pricecomparison" time="0.000"/>
</testsuite> <!-- org.program.Task -->
