<?xml version="1.0" encoding="UTF-8"?>
<!-- Generated by org.testng.reporters.JUnitReportReporter -->
<testsuite hostname="LAPTOP-ARENP5BH" failures="0" tests="5" name="org.program.Sample" time="0.022" errors="0" timestamp="25 Dec 2023 16:46:28 GMT" skipped="0">
  <testcase classname="org.program.Sample" name="tc5" time="0.015"/>
  <testcase classname="org.program.Sample" name="tc3" time="0.002"/>
  <testcase classname="org.program.Sample" name="tc3" time="0.001"/>
  <testcase classname="org.program.Sample" name="tc3" time="0.002"/>
  <testcase classname="org.program.Sample" name="tc1" time="0.002"/>
</testsuite> <!-- org.program.Sample -->
